This file contains any messages produced by compilers while
running configure, to aid debugging if configure makes a mistake.

It was created by configure, which was
generated by GNU Autoconf 2.69.  Invocation command line was

  $ ./configure --prefix=/home/ensmjc/Codes

## --------- ##
## Platform. ##
## --------- ##

hostname = aerialist-1.bath.ac.uk
uname -m = x86_64
uname -r = 4.14.67
uname -s = Linux
uname -v = #1 SMP Fri Aug 24 16:01:52 CDT 2018

/usr/bin/uname -p = Intel(R) Xeon(R) CPU E5-2630 v3 @ 2.40GHz
/bin/uname -X     = unknown

/bin/arch              = x86_64
/usr/bin/arch -k       = unknown
/usr/convex/getsysinfo = unknown
/usr/bin/hostinfo      = unknown
/bin/machine           = unknown
/usr/bin/oslevel       = unknown
/bin/universe          = unknown

PATH: /home/ensmjc/Codes/bin
PATH: /usr/local/bin
PATH: /usr/bin
PATH: /bin
PATH: /usr/games
PATH: /usr/lib64/java/bin
PATH: /usr/lib64/java/jre/bin
PATH: /usr/lib64/qt/bin


## ----------- ##
## Core tests. ##
## ----------- ##

configure:2333: checking for a BSD-compatible install
configure:2401: result: /usr/bin/ginstall -c
configure:2412: checking whether build environment is sane
configure:2467: result: yes
configure:2505: WARNING: 'missing' script is too old or missing
configure:2618: checking for a thread-safe mkdir -p
configure:2657: result: /usr/bin/mkdir -p
configure:2664: checking for gawk
configure:2680: found /usr/bin/gawk
configure:2691: result: gawk
configure:2702: checking whether make sets $(MAKE)
configure:2724: result: yes
configure:2753: checking whether make supports nested variables
configure:2770: result: yes
configure:2948: checking build system type
configure:2962: result: x86_64-unknown-linux-gnu
configure:2982: checking host system type
configure:2995: result: x86_64-unknown-linux-gnu
configure:3036: checking how to print strings
configure:3063: result: printf
configure:3088: checking whether make supports the include directive
configure:3103: make -f confmf.GNU && cat confinc.out
this is the am__doit target
configure:3106: $? = 0
configure:3125: result: yes (GNU style)
configure:3195: checking for gcc
configure:3211: found /usr/bin/gcc
configure:3222: result: gcc
configure:3451: checking for C compiler version
configure:3460: gcc --version >&5
gcc (GCC) 8.2.0
Copyright (C) 2018 Free Software Foundation, Inc.
This is free software; see the source for copying conditions.  There is NO
warranty; not even for MERCHANTABILITY or FITNESS FOR A PARTICULAR PURPOSE.

configure:3471: $? = 0
configure:3460: gcc -v >&5
Reading specs from /usr/lib64/gcc/x86_64-slackware-linux/8.2.0/specs
COLLECT_GCC=gcc
COLLECT_LTO_WRAPPER=/usr/libexec/gcc/x86_64-slackware-linux/8.2.0/lto-wrapper
Target: x86_64-slackware-linux
Configured with: ../gcc-8.2.0/configure --prefix=/usr --libdir=/usr/lib64 --mandir=/usr/man --infodir=/usr/info --enable-shared --enable-bootstrap --enable-languages=ada,brig,c,c++,fortran,go,lto,objc --enable-threads=posix --enable-checking=release --enable-objc-gc --with-system-zlib --enable-libstdcxx-dual-abi --with-default-libstdcxx-abi=new --disable-libstdcxx-pch --disable-libunwind-exceptions --enable-__cxa_atexit --disable-libssp --enable-gnu-unique-object --enable-plugin --enable-lto --disable-install-libiberty --disable-werror --with-gnu-ld --verbose --with-arch-directory=amd64 --disable-gtktest --disable-multilib --target=x86_64-slackware-linux --build=x86_64-slackware-linux --host=x86_64-slackware-linux
Thread model: posix
gcc version 8.2.0 (GCC) 
configure:3471: $? = 0
configure:3460: gcc -V >&5
gcc: error: unrecognized command line option '-V'
gcc: fatal error: no input files
compilation terminated.
configure:3471: $? = 1
configure:3460: gcc -qversion >&5
gcc: error: unrecognized command line option '-qversion'; did you mean '--version'?
gcc: fatal error: no input files
compilation terminated.
configure:3471: $? = 1
configure:3491: checking whether the C compiler works
configure:3513: gcc -g -O0   conftest.c  >&5
configure:3517: $? = 0
configure:3565: result: yes
configure:3568: checking for C compiler default output file name
configure:3570: result: a.out
configure:3576: checking for suffix of executables
configure:3583: gcc -o conftest -g -O0   conftest.c  >&5
configure:3587: $? = 0
configure:3609: result: 
configure:3631: checking whether we are cross compiling
configure:3639: gcc -o conftest -g -O0   conftest.c  >&5
configure:3643: $? = 0
configure:3650: ./conftest
configure:3654: $? = 0
configure:3669: result: no
configure:3674: checking for suffix of object files
configure:3696: gcc -c -g -O0  conftest.c >&5
configure:3700: $? = 0
configure:3721: result: o
configure:3725: checking whether we are using the GNU C compiler
configure:3744: gcc -c -g -O0  conftest.c >&5
configure:3744: $? = 0
configure:3753: result: yes
configure:3762: checking whether gcc accepts -g
configure:3782: gcc -c -g  conftest.c >&5
configure:3782: $? = 0
configure:3823: result: yes
configure:3840: checking for gcc option to accept ISO C89
configure:3903: gcc  -c -g -O0  conftest.c >&5
configure:3903: $? = 0
configure:3916: result: none needed
configure:3941: checking whether gcc understands -c and -o together
configure:3963: gcc -c conftest.c -o conftest2.o
configure:3966: $? = 0
configure:3963: gcc -c conftest.c -o conftest2.o
configure:3966: $? = 0
configure:3978: result: yes
configure:3997: checking dependency style of gcc
configure:4108: result: gcc3
configure:4123: checking for a sed that does not truncate output
configure:4187: result: /usr/bin/sed
configure:4205: checking for grep that handles long lines and -e
configure:4263: result: /usr/bin/grep
configure:4268: checking for egrep
configure:4330: result: /usr/bin/grep -E
configure:4335: checking for fgrep
configure:4397: result: /usr/bin/grep -F
configure:4432: checking for ld used by gcc
configure:4499: result: /usr/bin/ld
configure:4506: checking if the linker (/usr/bin/ld) is GNU ld
configure:4521: result: yes
configure:4533: checking for BSD- or MS-compatible name lister (nm)
configure:4582: result: /usr/bin/nm -B
configure:4712: checking the name lister (/usr/bin/nm -B) interface
configure:4719: gcc -c -g -O0  conftest.c >&5
configure:4722: /usr/bin/nm -B "conftest.o"
configure:4725: output
0000000000000000 B some_variable
configure:4732: result: BSD nm
configure:4735: checking whether ln -s works
configure:4739: result: yes
configure:4747: checking the maximum length of command line arguments
configure:4877: result: 1572864
configure:4894: checking whether the shell understands some XSI constructs
configure:4904: result: yes
configure:4908: checking whether the shell understands "+="
configure:4914: result: yes
configure:4949: checking how to convert x86_64-unknown-linux-gnu file names to x86_64-unknown-linux-gnu format
configure:4989: result: func_convert_file_noop
configure:4996: checking how to convert x86_64-unknown-linux-gnu file names to toolchain format
configure:5016: result: func_convert_file_noop
configure:5023: checking for /usr/bin/ld option to reload object files
configure:5030: result: -r
configure:5104: checking for objdump
configure:5120: found /usr/bin/objdump
configure:5131: result: objdump
configure:5163: checking how to recognize dependent libraries
configure:5365: result: pass_all
configure:5450: checking for dlltool
configure:5466: found /usr/bin/dlltool
configure:5477: result: dlltool
configure:5510: checking how to associate runtime and link libraries
configure:5537: result: printf %s\n
configure:5598: checking for ar
configure:5614: found /usr/bin/ar
configure:5625: result: ar
configure:5662: checking for archiver @FILE support
configure:5679: gcc -c -g -O0  conftest.c >&5
configure:5679: $? = 0
configure:5682: ar cru libconftest.a @conftest.lst >&5
configure:5685: $? = 0
configure:5690: ar cru libconftest.a @conftest.lst >&5
ar: conftest.o: No such file or directory
configure:5693: $? = 1
configure:5705: result: @
configure:5763: checking for strip
configure:5779: found /usr/bin/strip
configure:5790: result: strip
configure:5862: checking for ranlib
configure:5878: found /usr/bin/ranlib
configure:5889: result: ranlib
configure:5991: checking command to parse /usr/bin/nm -B output from gcc object
configure:6111: gcc -c -g -O0  conftest.c >&5
configure:6114: $? = 0
configure:6118: /usr/bin/nm -B conftest.o \| sed -n -e 's/^.*[ ]\([ABCDGIRSTW][ABCDGIRSTW]*\)[ ][ ]*\([_A-Za-z][_A-Za-z0-9]*\)$/\1 \2 \2/p' | sed '/ __gnu_lto/d' \> conftest.nm
configure:6121: $? = 0
configure:6187: gcc -o conftest -g -O0   conftest.c conftstm.o >&5
configure:6190: $? = 0
configure:6228: result: ok
configure:6265: checking for sysroot
configure:6295: result: no
configure:6372: gcc -c -g -O0  conftest.c >&5
configure:6375: $? = 0
configure:6551: checking for mt
configure:6567: found /bin/mt
configure:6578: result: mt
configure:6601: checking if mt is a manifest tool
configure:6607: mt '-?'
usage: mt [-v] [--version] [-h] [ -f device ] command [ count ]
configure:6615: result: no
configure:7257: checking how to run the C preprocessor
configure:7288: gcc -E  conftest.c
configure:7288: $? = 0
configure:7302: gcc -E  conftest.c
conftest.c:14:10: fatal error: ac_nonexistent.h: No such file or directory
 #include <ac_nonexistent.h>
          ^~~~~~~~~~~~~~~~~~
compilation terminated.
configure:7302: $? = 1
configure: failed program was:
| /* confdefs.h */
| #define PACKAGE_NAME ""
| #define PACKAGE_TARNAME ""
| #define PACKAGE_VERSION ""
| #define PACKAGE_STRING ""
| #define PACKAGE_BUGREPORT ""
| #define PACKAGE_URL ""
| #define WBFMM_MAJOR_VERSION 0
| #define WBFMM_MINOR_VERSION 1
| #define WBFMM_MICRO_VERSION 1
| #define WBFMM_INTERFACE_AGE 0
| #define WBFMM_BINARY_AGE 0
| /* end confdefs.h.  */
| #include <ac_nonexistent.h>
configure:7327: result: gcc -E
configure:7347: gcc -E  conftest.c
configure:7347: $? = 0
configure:7361: gcc -E  conftest.c
conftest.c:14:10: fatal error: ac_nonexistent.h: No such file or directory
 #include <ac_nonexistent.h>
          ^~~~~~~~~~~~~~~~~~
compilation terminated.
configure:7361: $? = 1
configure: failed program was:
| /* confdefs.h */
| #define PACKAGE_NAME ""
| #define PACKAGE_TARNAME ""
| #define PACKAGE_VERSION ""
| #define PACKAGE_STRING ""
| #define PACKAGE_BUGREPORT ""
| #define PACKAGE_URL ""
| #define WBFMM_MAJOR_VERSION 0
| #define WBFMM_MINOR_VERSION 1
| #define WBFMM_MICRO_VERSION 1
| #define WBFMM_INTERFACE_AGE 0
| #define WBFMM_BINARY_AGE 0
| /* end confdefs.h.  */
| #include <ac_nonexistent.h>
configure:7390: checking for ANSI C header files
configure:7410: gcc -c -g -O0  conftest.c >&5
configure:7410: $? = 0
configure:7483: gcc -o conftest -g -O0   conftest.c  >&5
configure:7483: $? = 0
configure:7483: ./conftest
configure:7483: $? = 0
configure:7494: result: yes
configure:7507: checking for sys/types.h
configure:7507: gcc -c -g -O0  conftest.c >&5
configure:7507: $? = 0
configure:7507: result: yes
configure:7507: checking for sys/stat.h
configure:7507: gcc -c -g -O0  conftest.c >&5
configure:7507: $? = 0
configure:7507: result: yes
configure:7507: checking for stdlib.h
configure:7507: gcc -c -g -O0  conftest.c >&5
configure:7507: $? = 0
configure:7507: result: yes
configure:7507: checking for string.h
configure:7507: gcc -c -g -O0  conftest.c >&5
configure:7507: $? = 0
configure:7507: result: yes
configure:7507: checking for memory.h
configure:7507: gcc -c -g -O0  conftest.c >&5
configure:7507: $? = 0
configure:7507: result: yes
configure:7507: checking for strings.h
configure:7507: gcc -c -g -O0  conftest.c >&5
configure:7507: $? = 0
configure:7507: result: yes
configure:7507: checking for inttypes.h
configure:7507: gcc -c -g -O0  conftest.c >&5
configure:7507: $? = 0
configure:7507: result: yes
configure:7507: checking for stdint.h
configure:7507: gcc -c -g -O0  conftest.c >&5
configure:7507: $? = 0
configure:7507: result: yes
configure:7507: checking for unistd.h
configure:7507: gcc -c -g -O0  conftest.c >&5
configure:7507: $? = 0
configure:7507: result: yes
configure:7521: checking for dlfcn.h
configure:7521: gcc -c -g -O0  conftest.c >&5
configure:7521: $? = 0
configure:7521: result: yes
configure:7727: checking for objdir
configure:7742: result: .libs
configure:8013: checking if gcc supports -fno-rtti -fno-exceptions
configure:8031: gcc -c -g -O0  -fno-rtti -fno-exceptions conftest.c >&5
cc1: warning: command line option '-fno-rtti' is valid for C++/ObjC++ but not for C
configure:8035: $? = 0
configure:8048: result: no
configure:8375: checking for gcc option to produce PIC
configure:8382: result: -fPIC -DPIC
configure:8390: checking if gcc PIC flag -fPIC -DPIC works
configure:8408: gcc -c -g -O0  -fPIC -DPIC -DPIC conftest.c >&5
configure:8412: $? = 0
configure:8425: result: yes
configure:8454: checking if gcc static flag -static works
configure:8482: result: yes
configure:8497: checking if gcc supports -c -o file.o
configure:8518: gcc -c -g -O0  -o out/conftest2.o conftest.c >&5
configure:8522: $? = 0
configure:8544: result: yes
configure:8552: checking if gcc supports -c -o file.o
configure:8599: result: yes
configure:8632: checking whether the gcc linker (/usr/bin/ld -m elf_x86_64) supports shared libraries
configure:9785: result: yes
configure:9822: checking whether -lc should be explicitly linked in
configure:9830: gcc -c -g -O0  conftest.c >&5
configure:9833: $? = 0
configure:9848: gcc -shared  -fPIC -DPIC conftest.o  -v -Wl,-soname -Wl,conftest -o conftest 2\>\&1 \| /usr/bin/grep  -lc  \>/dev/null 2\>\&1
configure:9851: $? = 0
configure:9865: result: no
configure:10025: checking dynamic linker characteristics
configure:10536: gcc -o conftest -g -O0   -Wl,-rpath -Wl,/foo conftest.c  >&5
configure:10536: $? = 0
configure:10758: result: GNU/Linux ld.so
configure:10865: checking how to hardcode library paths into programs
configure:10890: result: immediate
configure:11430: checking whether stripping libraries is possible
configure:11435: result: yes
configure:11470: checking if libtool supports shared libraries
configure:11472: result: yes
configure:11475: checking whether to build shared libraries
configure:11496: result: yes
configure:11499: checking whether to build static libraries
configure:11503: result: yes
configure:11542: checking whether to enable maintainer-specific portions of Makefiles
configure:11551: result: no
configure:11613: checking for gcc
configure:11640: result: gcc
configure:11869: checking for C compiler version
configure:11878: gcc --version >&5
gcc (GCC) 8.2.0
Copyright (C) 2018 Free Software Foundation, Inc.
This is free software; see the source for copying conditions.  There is NO
warranty; not even for MERCHANTABILITY or FITNESS FOR A PARTICULAR PURPOSE.

configure:11889: $? = 0
configure:11878: gcc -v >&5
Reading specs from /usr/lib64/gcc/x86_64-slackware-linux/8.2.0/specs
COLLECT_GCC=gcc
COLLECT_LTO_WRAPPER=/usr/libexec/gcc/x86_64-slackware-linux/8.2.0/lto-wrapper
Target: x86_64-slackware-linux
Configured with: ../gcc-8.2.0/configure --prefix=/usr --libdir=/usr/lib64 --mandir=/usr/man --infodir=/usr/info --enable-shared --enable-bootstrap --enable-languages=ada,brig,c,c++,fortran,go,lto,objc --enable-threads=posix --enable-checking=release --enable-objc-gc --with-system-zlib --enable-libstdcxx-dual-abi --with-default-libstdcxx-abi=new --disable-libstdcxx-pch --disable-libunwind-exceptions --enable-__cxa_atexit --disable-libssp --enable-gnu-unique-object --enable-plugin --enable-lto --disable-install-libiberty --disable-werror --with-gnu-ld --verbose --with-arch-directory=amd64 --disable-gtktest --disable-multilib --target=x86_64-slackware-linux --build=x86_64-slackware-linux --host=x86_64-slackware-linux
Thread model: posix
gcc version 8.2.0 (GCC) 
configure:11889: $? = 0
configure:11878: gcc -V >&5
gcc: error: unrecognized command line option '-V'
gcc: fatal error: no input files
compilation terminated.
configure:11889: $? = 1
configure:11878: gcc -qversion >&5
gcc: error: unrecognized command line option '-qversion'; did you mean '--version'?
gcc: fatal error: no input files
compilation terminated.
configure:11889: $? = 1
configure:11893: checking whether we are using the GNU C compiler
configure:11921: result: yes
configure:11930: checking whether gcc accepts -g
configure:11991: result: yes
configure:12008: checking for gcc option to accept ISO C89
configure:12084: result: none needed
configure:12109: checking whether gcc understands -c and -o together
configure:12146: result: yes
configure:12165: checking dependency style of gcc
configure:12276: result: gcc3
configure:12300: checking for gawk
configure:12327: result: gawk
configure:12338: checking for library containing strerror
configure:12369: gcc -o conftest -g -O0 -Wall -Werror-implicit-function-declaration -Wstrict-prototypes -Wmissing-prototypes -Wmissing-declarations   conftest.c  >&5
conftest.c:33:1: warning: function declaration isn't a prototype [-Wstrict-prototypes]
 char strerror ();
 ^~~~
conftest.c:35:1: warning: function declaration isn't a prototype [-Wstrict-prototypes]
 main ()
 ^~~~
configure:12369: $? = 0
configure:12386: result: none required
configure:12394: checking for ANSI C header files
configure:12498: result: yes
configure:12591: checking for pkg-config
configure:12609: found /usr/bin/pkg-config
configure:12621: result: /usr/bin/pkg-config
configure:12646: checking pkg-config is at least version 0.16
configure:12649: result: yes
configure:12666: checking for GLIB - version >= 2.4.0
configure:12778: gcc -o conftest -g -O0 -Wall -Werror-implicit-function-declaration -Wstrict-prototypes -Wmissing-prototypes -Wmissing-declarations -pthread -I/usr/include/glib-2.0 -I/usr/lib64/glib-2.0/include   conftest.c -lgthread-2.0 -pthread -Wl,--export-dynamic -lgmodule-2.0 -pthread -lglib-2.0  >&5
configure:12778: $? = 0
configure:12778: ./conftest
configure:12778: $? = 0
configure:12792: result: yes (version 2.56.2)
configure:13207: checking for x86 cpuid  output
configure:13236: gcc -o conftest -g -O0 -Wall -Werror-implicit-function-declaration -Wstrict-prototypes -Wmissing-prototypes -Wmissing-declarations   conftest.c  >&5
conftest.c:29:1: warning: function declaration isn't a prototype [-Wstrict-prototypes]
 main ()
 ^~~~
conftest.c: In function 'main':
conftest.c:32:15: error: expected expression before ',' token
      int op = , eax, ebx, ecx, edx;
               ^
configure:13236: $? = 1
configure: program exited with status 1
configure: failed program was:
| /* confdefs.h */
| #define PACKAGE_NAME ""
| #define PACKAGE_TARNAME ""
| #define PACKAGE_VERSION ""
| #define PACKAGE_STRING ""
| #define PACKAGE_BUGREPORT ""
| #define PACKAGE_URL ""
| #define WBFMM_MAJOR_VERSION 0
| #define WBFMM_MINOR_VERSION 1
| #define WBFMM_MICRO_VERSION 1
| #define WBFMM_INTERFACE_AGE 0
| #define WBFMM_BINARY_AGE 0
| #define STDC_HEADERS 1
| #define HAVE_SYS_TYPES_H 1
| #define HAVE_SYS_STAT_H 1
| #define HAVE_STDLIB_H 1
| #define HAVE_STRING_H 1
| #define HAVE_MEMORY_H 1
| #define HAVE_STRINGS_H 1
| #define HAVE_INTTYPES_H 1
| #define HAVE_STDINT_H 1
| #define HAVE_UNISTD_H 1
| #define HAVE_DLFCN_H 1
| #define LT_OBJDIR ".libs/"
| #define STDC_HEADERS 1
| /* end confdefs.h.  */
| #include <stdio.h>
| int
| main ()
| {
| 
|      int op = , eax, ebx, ecx, edx;
|      FILE *f;
|       __asm__("cpuid"
|         : "=a" (eax), "=b" (ebx), "=c" (ecx), "=d" (edx)
|         : "a" (op));
|      f = fopen("conftest_cpuid", "w"); if (!f) return 1;
|      fprintf(f, "%x:%x:%x:%x\n", eax, ebx, ecx, edx);
|      fclose(f);
|      return 0;
| 
|   ;
|   return 0;
| }
configure:13246: result: unknown
configure:13330: checking for x86 cpuid 0x00000001 output
configure:13359: gcc -o conftest -g -O0 -Wall -Werror-implicit-function-declaration -Wstrict-prototypes -Wmissing-prototypes -Wmissing-declarations   conftest.c  >&5
conftest.c:29:1: warning: function declaration isn't a prototype [-Wstrict-prototypes]
 main ()
 ^~~~
configure:13359: $? = 0
configure:13359: ./conftest
configure:13359: $? = 0
configure:13369: result: 306f2:14100800:7ffefbff:bfebfbff
configure:13381: checking whether mmx is supported
configure:13393: result: yes
configure:13396: checking whether sse is supported
configure:13408: result: yes
configure:13411: checking whether sse2 is supported
configure:13423: result: yes
configure:13426: checking whether sse3 is supported
configure:13438: result: yes
configure:13441: checking whether ssse3 is supported
configure:13453: result: yes
configure:13456: checking whether sse4.1 is supported
configure:13468: result: yes
configure:13471: checking whether sse4.2 is supported
configure:13483: result: yes
configure:13486: checking whether avx is supported
configure:13498: result: yes
configure:13502: checking whether C compiler accepts -mmmx
configure:13521: gcc -c -g -O0 -Wall -Werror-implicit-function-declaration -Wstrict-prototypes -Wmissing-prototypes -Wmissing-declarations  -mmmx  conftest.c >&5
conftest.c:29:1: warning: function declaration isn't a prototype [-Wstrict-prototypes]
 main ()
 ^~~~
configure:13521: $? = 0
configure:13529: result: yes
configure:13549: checking whether C compiler accepts -msse
configure:13568: gcc -c -g -O0 -Wall -Werror-implicit-function-declaration -Wstrict-prototypes -Wmissing-prototypes -Wmissing-declarations  -msse  conftest.c >&5
conftest.c:30:1: warning: function declaration isn't a prototype [-Wstrict-prototypes]
 main ()
 ^~~~
configure:13568: $? = 0
configure:13576: result: yes
configure:13596: checking whether C compiler accepts -msse2
configure:13615: gcc -c -g -O0 -Wall -Werror-implicit-function-declaration -Wstrict-prototypes -Wmissing-prototypes -Wmissing-declarations  -msse2  conftest.c >&5
conftest.c:31:1: warning: function declaration isn't a prototype [-Wstrict-prototypes]
 main ()
 ^~~~
configure:13615: $? = 0
configure:13623: result: yes
configure:13643: checking whether C compiler accepts -msse3
configure:13662: gcc -c -g -O0 -Wall -Werror-implicit-function-declaration -Wstrict-prototypes -Wmissing-prototypes -Wmissing-declarations  -msse3  conftest.c >&5
conftest.c:32:1: warning: function declaration isn't a prototype [-Wstrict-prototypes]
 main ()
 ^~~~
configure:13662: $? = 0
configure:13670: result: yes
configure:13690: checking whether C compiler accepts -mssse3
configure:13709: gcc -c -g -O0 -Wall -Werror-implicit-function-declaration -Wstrict-prototypes -Wmissing-prototypes -Wmissing-declarations  -mssse3  conftest.c >&5
conftest.c:33:1: warning: function declaration isn't a prototype [-Wstrict-prototypes]
 main ()
 ^~~~
configure:13709: $? = 0
configure:13717: result: yes
configure:13737: checking whether C compiler accepts -msse4.1
configure:13756: gcc -c -g -O0 -Wall -Werror-implicit-function-declaration -Wstrict-prototypes -Wmissing-prototypes -Wmissing-declarations  -msse4.1  conftest.c >&5
conftest.c:34:1: warning: function declaration isn't a prototype [-Wstrict-prototypes]
 main ()
 ^~~~
configure:13756: $? = 0
configure:13764: result: yes
configure:13784: checking whether C compiler accepts -msse4.2
configure:13803: gcc -c -g -O0 -Wall -Werror-implicit-function-declaration -Wstrict-prototypes -Wmissing-prototypes -Wmissing-declarations  -msse4.2  conftest.c >&5
conftest.c:35:1: warning: function declaration isn't a prototype [-Wstrict-prototypes]
 main ()
 ^~~~
configure:13803: $? = 0
configure:13811: result: yes
configure:13831: checking whether C compiler accepts -mavx
configure:13850: gcc -c -g -O0 -Wall -Werror-implicit-function-declaration -Wstrict-prototypes -Wmissing-prototypes -Wmissing-declarations  -mavx  conftest.c >&5
conftest.c:36:1: warning: function declaration isn't a prototype [-Wstrict-prototypes]
 main ()
 ^~~~
configure:13850: $? = 0
configure:13858: result: yes
configure:13883: checking for cos in -lm
configure:13908: gcc -o conftest -g -O0 -Wall -Werror-implicit-function-declaration -Wstrict-prototypes -Wmissing-prototypes -Wmissing-declarations   conftest.c -lm   >&5
conftest.c:42:1: warning: function declaration isn't a prototype [-Wstrict-prototypes]
 char cos ();
 ^~~~
conftest.c:42:6: warning: conflicting types for built-in function 'cos' [-Wbuiltin-declaration-mismatch]
 char cos ();
      ^~~
conftest.c:44:1: warning: function declaration isn't a prototype [-Wstrict-prototypes]
 main ()
 ^~~~
configure:13908: $? = 0
configure:13917: result: yes
configure:13936: checking for gcc option to support OpenMP
configure:13951: gcc -o conftest -g -O0 -Wall -Werror-implicit-function-declaration -Wstrict-prototypes -Wmissing-prototypes -Wmissing-declarations   conftest.c -lm  >&5
conftest.c:38:2: error: unknown type name 'choke'
  choke me
  ^~~~~
conftest.c:38:10: error: expected ';' before 'typedef'
  choke me
          ^
          ;
conftest.c:41:5: warning: function declaration isn't a prototype [-Wstrict-prototypes]
 int main () { return omp_get_num_threads (); }
     ^~~~
configure:13951: $? = 1
configure: failed program was:
| /* confdefs.h */
| #define PACKAGE_NAME ""
| #define PACKAGE_TARNAME ""
| #define PACKAGE_VERSION ""
| #define PACKAGE_STRING ""
| #define PACKAGE_BUGREPORT ""
| #define PACKAGE_URL ""
| #define WBFMM_MAJOR_VERSION 0
| #define WBFMM_MINOR_VERSION 1
| #define WBFMM_MICRO_VERSION 1
| #define WBFMM_INTERFACE_AGE 0
| #define WBFMM_BINARY_AGE 0
| #define STDC_HEADERS 1
| #define HAVE_SYS_TYPES_H 1
| #define HAVE_SYS_STAT_H 1
| #define HAVE_STDLIB_H 1
| #define HAVE_STRING_H 1
| #define HAVE_MEMORY_H 1
| #define HAVE_STRINGS_H 1
| #define HAVE_INTTYPES_H 1
| #define HAVE_STDINT_H 1
| #define HAVE_UNISTD_H 1
| #define HAVE_DLFCN_H 1
| #define LT_OBJDIR ".libs/"
| #define STDC_HEADERS 1
| #define HAVE_MMX /**/
| #define HAVE_SSE /**/
| #define HAVE_SSE2 /**/
| #define HAVE_SSE3 /**/
| #define HAVE_SSSE3 /**/
| #define HAVE_SSE4_1 /**/
| #define HAVE_SSE4_2 /**/
| #define HAVE_AVX /**/
| #define HAVE_LIBM 1
| /* end confdefs.h.  */
| 
| #ifndef _OPENMP
|  choke me
| #endif
| #include <omp.h>
| int main () { return omp_get_num_threads (); }
| 
configure:13969: gcc -o conftest -g -O0 -Wall -Werror-implicit-function-declaration -Wstrict-prototypes -Wmissing-prototypes -Wmissing-declarations -fopenmp   conftest.c -lm  >&5
conftest.c:41:5: warning: function declaration isn't a prototype [-Wstrict-prototypes]
 int main () { return omp_get_num_threads (); }
     ^~~~
configure:13969: $? = 0
configure:13983: result: -fopenmp
configure:14048: checking for g77
configure:14064: found /usr/bin/g77
configure:14075: result: g77
configure:14101: checking for Fortran 77 compiler version
configure:14110: g77 --version >&5
GNU Fortran (GCC) 8.2.0
Copyright (C) 2018 Free Software Foundation, Inc.
This is free software; see the source for copying conditions.  There is NO
warranty; not even for MERCHANTABILITY or FITNESS FOR A PARTICULAR PURPOSE.

configure:14121: $? = 0
configure:14110: g77 -v >&5
Reading specs from /usr/lib64/gcc/x86_64-slackware-linux/8.2.0/specs
COLLECT_GCC=g77
COLLECT_LTO_WRAPPER=/usr/libexec/gcc/x86_64-slackware-linux/8.2.0/lto-wrapper
Target: x86_64-slackware-linux
Configured with: ../gcc-8.2.0/configure --prefix=/usr --libdir=/usr/lib64 --mandir=/usr/man --infodir=/usr/info --enable-shared --enable-bootstrap --enable-languages=ada,brig,c,c++,fortran,go,lto,objc --enable-threads=posix --enable-checking=release --enable-objc-gc --with-system-zlib --enable-libstdcxx-dual-abi --with-default-libstdcxx-abi=new --disable-libstdcxx-pch --disable-libunwind-exceptions --enable-__cxa_atexit --disable-libssp --enable-gnu-unique-object --enable-plugin --enable-lto --disable-install-libiberty --disable-werror --with-gnu-ld --verbose --with-arch-directory=amd64 --disable-gtktest --disable-multilib --target=x86_64-slackware-linux --build=x86_64-slackware-linux --host=x86_64-slackware-linux
Thread model: posix
gcc version 8.2.0 (GCC) 
configure:14121: $? = 0
configure:14110: g77 -V >&5
g77: error: unrecognized command line option '-V'
g77: fatal error: no input files
compilation terminated.
configure:14121: $? = 1
configure:14110: g77 -qversion >&5
g77: error: unrecognized command line option '-qversion'; did you mean '--version'?
g77: fatal error: no input files
compilation terminated.
configure:14121: $? = 1
configure:14130: checking whether we are using the GNU Fortran 77 compiler
configure:14143: g77 -c  conftest.F >&5
configure:14143: $? = 0
configure:14152: result: yes
configure:14158: checking whether g77 accepts -g
configure:14169: g77 -c -g conftest.f >&5
configure:14169: $? = 0
configure:14177: result: yes
configure:14313: checking if libtool supports shared libraries
configure:14315: result: yes
configure:14318: checking whether to build shared libraries
configure:14338: result: yes
configure:14341: checking whether to build static libraries
configure:14345: result: yes
configure:14666: checking for g77 option to produce PIC
configure:14673: result: -fPIC
configure:14681: checking if g77 PIC flag -fPIC works
configure:14699: g77 -c -g -O2 -fPIC conftest.f >&5
configure:14703: $? = 0
configure:14716: result: yes
configure:14739: checking if g77 static flag -static works
configure:14767: result: yes
configure:14779: checking if g77 supports -c -o file.o
configure:14800: g77 -c -g -O2 -o out/conftest2.o conftest.f >&5
configure:14804: $? = 0
configure:14826: result: yes
configure:14831: checking if g77 supports -c -o file.o
configure:14878: result: yes
configure:14908: checking whether the g77 linker (/usr/bin/ld -m elf_x86_64) supports shared libraries
configure:16011: result: yes
configure:16152: checking dynamic linker characteristics
configure:16813: result: GNU/Linux ld.so
configure:16866: checking how to hardcode library paths into programs
configure:16891: result: immediate
configure:16928: checking how to get verbose linking output from g77
configure:16938: g77 -c -g -O2 conftest.f >&5
configure:16938: $? = 0
configure:16956: g77 -o conftest -g -O2 -v conftest.f -lm
Reading specs from /usr/lib64/gcc/x86_64-slackware-linux/8.2.0/specs
Target: x86_64-slackware-linux
Thread model: posix
gcc version 8.2.0 (GCC) 
 /usr/libexec/gcc/x86_64-slackware-linux/8.2.0/f951 conftest.f -ffixed-form -quiet -dumpbase conftest.f -mtune=generic -march=x86-64 -auxbase conftest -g -O2 -version -fintrinsic-modules-path /usr/lib64/gcc/x86_64-slackware-linux/8.2.0/finclude -o /tmp/ccG2VhCY.s
GNU Fortran (GCC) version 8.2.0 (x86_64-slackware-linux)
	compiled by GNU C version 8.2.0, GMP version 6.1.2, MPFR version 4.0.1, MPC version 1.1.0, isl version none
GGC heuristics: --param ggc-min-expand=100 --param ggc-min-heapsize=131072
GNU Fortran2008 (GCC) version 8.2.0 (x86_64-slackware-linux)
	compiled by GNU C version 8.2.0, GMP version 6.1.2, MPFR version 4.0.1, MPC version 1.1.0, isl version none
GGC heuristics: --param ggc-min-expand=100 --param ggc-min-heapsize=131072
 as -v --64 -o /tmp/ccmuhm58.o /tmp/ccG2VhCY.s
GNU assembler version 2.31.1 (x86_64-slackware-linux) using BFD version version 2.31.1-slack15
Reading specs from /usr/lib64/gcc/x86_64-slackware-linux/8.2.0/../../../../lib64/libgfortran.spec
rename spec lib to liborig
 /usr/libexec/gcc/x86_64-slackware-linux/8.2.0/collect2 -plugin /usr/libexec/gcc/x86_64-slackware-linux/8.2.0/liblto_plugin.so -plugin-opt=/usr/libexec/gcc/x86_64-slackware-linux/8.2.0/lto-wrapper -plugin-opt=-fresolution=/tmp/cchzqdzj.res -plugin-opt=-pass-through=-lgcc_s -plugin-opt=-pass-through=-lgcc -plugin-opt=-pass-through=-lquadmath -plugin-opt=-pass-through=-lm -plugin-opt=-pass-through=-lgcc_s -plugin-opt=-pass-through=-lgcc -plugin-opt=-pass-through=-lc -plugin-opt=-pass-through=-lgcc_s -plugin-opt=-pass-through=-lgcc --eh-frame-hdr -m elf_x86_64 -dynamic-linker /lib64/ld-linux-x86-64.so.2 -o conftest /usr/lib64/gcc/x86_64-slackware-linux/8.2.0/../../../../lib64/crt1.o /usr/lib64/gcc/x86_64-slackware-linux/8.2.0/../../../../lib64/crti.o /usr/lib64/gcc/x86_64-slackware-linux/8.2.0/crtbegin.o -L/usr/lib64/gcc/x86_64-slackware-linux/8.2.0 -L/usr/lib64/gcc/x86_64-slackware-linux/8.2.0/../../../../lib64 -L/lib/../lib64 -L/usr/lib/../lib64 -L/usr/lib64/gcc/x86_64-slackware-linux/8.2.0/../../.. /tmp/ccmuhm58.o -lgfortran -lm -lgfortran -lm -lgcc_s -lgcc -lquadmath -lm -lgcc_s -lgcc -lc -lgcc_s -lgcc /usr/lib64/gcc/x86_64-slackware-linux/8.2.0/crtend.o /usr/lib64/gcc/x86_64-slackware-linux/8.2.0/../../../../lib64/crtn.o
configure:17039: result: -v
configure:17041: checking for Fortran 77 libraries of g77
configure:17064: g77 -o conftest -g -O2 -v conftest.f -lm
Reading specs from /usr/lib64/gcc/x86_64-slackware-linux/8.2.0/specs
Target: x86_64-slackware-linux
Thread model: posix
gcc version 8.2.0 (GCC) 
 /usr/libexec/gcc/x86_64-slackware-linux/8.2.0/f951 conftest.f -ffixed-form -quiet -dumpbase conftest.f -mtune=generic -march=x86-64 -auxbase conftest -g -O2 -version -fintrinsic-modules-path /usr/lib64/gcc/x86_64-slackware-linux/8.2.0/finclude -o /tmp/cc4gEyx5.s
GNU Fortran (GCC) version 8.2.0 (x86_64-slackware-linux)
	compiled by GNU C version 8.2.0, GMP version 6.1.2, MPFR version 4.0.1, MPC version 1.1.0, isl version none
GGC heuristics: --param ggc-min-expand=100 --param ggc-min-heapsize=131072
GNU Fortran2008 (GCC) version 8.2.0 (x86_64-slackware-linux)
	compiled by GNU C version 8.2.0, GMP version 6.1.2, MPFR version 4.0.1, MPC version 1.1.0, isl version none
GGC heuristics: --param ggc-min-expand=100 --param ggc-min-heapsize=131072
 as -v --64 -o /tmp/ccf00L9f.o /tmp/cc4gEyx5.s
GNU assembler version 2.31.1 (x86_64-slackware-linux) using BFD version version 2.31.1-slack15
Reading specs from /usr/lib64/gcc/x86_64-slackware-linux/8.2.0/../../../../lib64/libgfortran.spec
rename spec lib to liborig
 /usr/libexec/gcc/x86_64-slackware-linux/8.2.0/collect2 -plugin /usr/libexec/gcc/x86_64-slackware-linux/8.2.0/liblto_plugin.so -plugin-opt=/usr/libexec/gcc/x86_64-slackware-linux/8.2.0/lto-wrapper -plugin-opt=-fresolution=/tmp/ccBe2DMq.res -plugin-opt=-pass-through=-lgcc_s -plugin-opt=-pass-through=-lgcc -plugin-opt=-pass-through=-lquadmath -plugin-opt=-pass-through=-lm -plugin-opt=-pass-through=-lgcc_s -plugin-opt=-pass-through=-lgcc -plugin-opt=-pass-through=-lc -plugin-opt=-pass-through=-lgcc_s -plugin-opt=-pass-through=-lgcc --eh-frame-hdr -m elf_x86_64 -dynamic-linker /lib64/ld-linux-x86-64.so.2 -o conftest /usr/lib64/gcc/x86_64-slackware-linux/8.2.0/../../../../lib64/crt1.o /usr/lib64/gcc/x86_64-slackware-linux/8.2.0/../../../../lib64/crti.o /usr/lib64/gcc/x86_64-slackware-linux/8.2.0/crtbegin.o -L/usr/lib64/gcc/x86_64-slackware-linux/8.2.0 -L/usr/lib64/gcc/x86_64-slackware-linux/8.2.0/../../../../lib64 -L/lib/../lib64 -L/usr/lib/../lib64 -L/usr/lib64/gcc/x86_64-slackware-linux/8.2.0/../../.. /tmp/ccf00L9f.o -lgfortran -lm -lgfortran -lm -lgcc_s -lgcc -lquadmath -lm -lgcc_s -lgcc -lc -lgcc_s -lgcc /usr/lib64/gcc/x86_64-slackware-linux/8.2.0/crtend.o /usr/lib64/gcc/x86_64-slackware-linux/8.2.0/../../../../lib64/crtn.o
configure:17260: result:  -L/usr/lib64/gcc/x86_64-slackware-linux/8.2.0 -L/usr/lib64/gcc/x86_64-slackware-linux/8.2.0/../../../../lib64 -L/lib/../lib64 -L/usr/lib/../lib64 -L/usr/lib64/gcc/x86_64-slackware-linux/8.2.0/../../.. -lgfortran -lm -lquadmath
configure:17276: checking for dummy main to link with Fortran 77 libraries
configure:17310: gcc -o conftest -g -O0 -Wall -Werror-implicit-function-declaration -Wstrict-prototypes -Wmissing-prototypes -Wmissing-declarations   conftest.c -lm   -L/usr/lib64/gcc/x86_64-slackware-linux/8.2.0 -L/usr/lib64/gcc/x86_64-slackware-linux/8.2.0/../../../../lib64 -L/lib/../lib64 -L/usr/lib/../lib64 -L/usr/lib64/gcc/x86_64-slackware-linux/8.2.0/../../.. -lgfortran -lm -lquadmath >&5
conftest.c:46:1: warning: function declaration isn't a prototype [-Wstrict-prototypes]
 main ()
 ^~~~
configure:17310: $? = 0
configure:17355: result: none
configure:17388: checking for Fortran 77 name-mangling scheme
configure:17401: g77 -c -g -O2 conftest.f >&5
configure:17401: $? = 0
configure:17442: gcc -o conftest -g -O0 -Wall -Werror-implicit-function-declaration -Wstrict-prototypes -Wmissing-prototypes -Wmissing-declarations   conftest.c cfortran_test.o -lm   -L/usr/lib64/gcc/x86_64-slackware-linux/8.2.0 -L/usr/lib64/gcc/x86_64-slackware-linux/8.2.0/../../../../lib64 -L/lib/../lib64 -L/usr/lib/../lib64 -L/usr/lib64/gcc/x86_64-slackware-linux/8.2.0/../../.. -lgfortran -lm -lquadmath >&5
conftest.c:43:1: warning: function declaration isn't a prototype [-Wstrict-prototypes]
 char foobar ();
 ^~~~
conftest.c:53:1: warning: function declaration isn't a prototype [-Wstrict-prototypes]
 main ()
 ^~~~
/usr/bin/ld: /tmp/cci4DpWp.o: in function `main':
/home/ensmjc/Codes/C/WBFMM/conftest.c:55: undefined reference to `foobar'
collect2: error: ld returned 1 exit status
configure:17442: $? = 1
configure: failed program was:
| /* confdefs.h */
| #define PACKAGE_NAME ""
| #define PACKAGE_TARNAME ""
| #define PACKAGE_VERSION ""
| #define PACKAGE_STRING ""
| #define PACKAGE_BUGREPORT ""
| #define PACKAGE_URL ""
| #define WBFMM_MAJOR_VERSION 0
| #define WBFMM_MINOR_VERSION 1
| #define WBFMM_MICRO_VERSION 1
| #define WBFMM_INTERFACE_AGE 0
| #define WBFMM_BINARY_AGE 0
| #define STDC_HEADERS 1
| #define HAVE_SYS_TYPES_H 1
| #define HAVE_SYS_STAT_H 1
| #define HAVE_STDLIB_H 1
| #define HAVE_STRING_H 1
| #define HAVE_MEMORY_H 1
| #define HAVE_STRINGS_H 1
| #define HAVE_INTTYPES_H 1
| #define HAVE_STDINT_H 1
| #define HAVE_UNISTD_H 1
| #define HAVE_DLFCN_H 1
| #define LT_OBJDIR ".libs/"
| #define STDC_HEADERS 1
| #define HAVE_MMX /**/
| #define HAVE_SSE /**/
| #define HAVE_SSE2 /**/
| #define HAVE_SSE3 /**/
| #define HAVE_SSSE3 /**/
| #define HAVE_SSE4_1 /**/
| #define HAVE_SSE4_2 /**/
| #define HAVE_AVX /**/
| #define HAVE_LIBM 1
| /* end confdefs.h.  */
| 
| /* Override any GCC internal prototype to avoid an error.
|    Use char because int might match the return type of a GCC
|    builtin and then its argument prototype would still apply.  */
| #ifdef __cplusplus
| extern "C"
| #endif
| char foobar ();
| #ifdef F77_DUMMY_MAIN
| 
| #  ifdef __cplusplus
|      extern "C"
| #  endif
|    int F77_DUMMY_MAIN() { return 1; }
| 
| #endif
| int
| main ()
| {
| return foobar ();
|   ;
|   return 0;
| }
configure:17442: gcc -o conftest -g -O0 -Wall -Werror-implicit-function-declaration -Wstrict-prototypes -Wmissing-prototypes -Wmissing-declarations   conftest.c cfortran_test.o -lm   -L/usr/lib64/gcc/x86_64-slackware-linux/8.2.0 -L/usr/lib64/gcc/x86_64-slackware-linux/8.2.0/../../../../lib64 -L/lib/../lib64 -L/usr/lib/../lib64 -L/usr/lib64/gcc/x86_64-slackware-linux/8.2.0/../../.. -lgfortran -lm -lquadmath >&5
conftest.c:43:1: warning: function declaration isn't a prototype [-Wstrict-prototypes]
 char foobar_ ();
 ^~~~
conftest.c:53:1: warning: function declaration isn't a prototype [-Wstrict-prototypes]
 main ()
 ^~~~
configure:17442: $? = 0
configure:17500: gcc -o conftest -g -O0 -Wall -Werror-implicit-function-declaration -Wstrict-prototypes -Wmissing-prototypes -Wmissing-declarations   conftest.c cfortran_test.o -lm   -L/usr/lib64/gcc/x86_64-slackware-linux/8.2.0 -L/usr/lib64/gcc/x86_64-slackware-linux/8.2.0/../../../../lib64 -L/lib/../lib64 -L/usr/lib/../lib64 -L/usr/lib64/gcc/x86_64-slackware-linux/8.2.0/../../.. -lgfortran -lm -lquadmath >&5
conftest.c:43:1: warning: function declaration isn't a prototype [-Wstrict-prototypes]
 char foo_bar_ ();
 ^~~~
conftest.c:53:1: warning: function declaration isn't a prototype [-Wstrict-prototypes]
 main ()
 ^~~~
configure:17500: $? = 0
configure:17542: result: lower case, underscore, no extra underscore
configure:17724: checking for sgemm_
configure:17724: gcc -o conftest -g -O0 -Wall -Werror-implicit-function-declaration -Wstrict-prototypes -Wmissing-prototypes -Wmissing-declarations   conftest.c -lm   -L/usr/lib64/gcc/x86_64-slackware-linux/8.2.0 -L/usr/lib64/gcc/x86_64-slackware-linux/8.2.0/../../../../lib64 -L/lib/../lib64 -L/usr/lib/../lib64 -L/usr/lib64/gcc/x86_64-slackware-linux/8.2.0/../../.. -lgfortran -lm -lquadmath >&5
conftest.c:61:1: warning: function declaration isn't a prototype [-Wstrict-prototypes]
 char sgemm_ ();
 ^~~~
conftest.c:70:1: warning: function declaration isn't a prototype [-Wstrict-prototypes]
 main ()
 ^~~~
/usr/bin/ld: /tmp/ccvO6pMB.o: in function `main':
/home/ensmjc/Codes/C/WBFMM/conftest.c:72: undefined reference to `sgemm_'
collect2: error: ld returned 1 exit status
configure:17724: $? = 1
configure: failed program was:
| /* confdefs.h */
| #define PACKAGE_NAME ""
| #define PACKAGE_TARNAME ""
| #define PACKAGE_VERSION ""
| #define PACKAGE_STRING ""
| #define PACKAGE_BUGREPORT ""
| #define PACKAGE_URL ""
| #define WBFMM_MAJOR_VERSION 0
| #define WBFMM_MINOR_VERSION 1
| #define WBFMM_MICRO_VERSION 1
| #define WBFMM_INTERFACE_AGE 0
| #define WBFMM_BINARY_AGE 0
| #define STDC_HEADERS 1
| #define HAVE_SYS_TYPES_H 1
| #define HAVE_SYS_STAT_H 1
| #define HAVE_STDLIB_H 1
| #define HAVE_STRING_H 1
| #define HAVE_MEMORY_H 1
| #define HAVE_STRINGS_H 1
| #define HAVE_INTTYPES_H 1
| #define HAVE_STDINT_H 1
| #define HAVE_UNISTD_H 1
| #define HAVE_DLFCN_H 1
| #define LT_OBJDIR ".libs/"
| #define STDC_HEADERS 1
| #define HAVE_MMX /**/
| #define HAVE_SSE /**/
| #define HAVE_SSE2 /**/
| #define HAVE_SSE3 /**/
| #define HAVE_SSSE3 /**/
| #define HAVE_SSE4_1 /**/
| #define HAVE_SSE4_2 /**/
| #define HAVE_AVX /**/
| #define HAVE_LIBM 1
| #define F77_FUNC(name,NAME) name ## _
| #define F77_FUNC_(name,NAME) name ## _
| /* end confdefs.h.  */
| /* Define sgemm_ to an innocuous variant, in case <limits.h> declares sgemm_.
|    For example, HP-UX 11i <limits.h> declares gettimeofday.  */
| #define sgemm_ innocuous_sgemm_
| 
| /* System header to define __stub macros and hopefully few prototypes,
|     which can conflict with char sgemm_ (); below.
|     Prefer <limits.h> to <assert.h> if __STDC__ is defined, since
|     <limits.h> exists even on freestanding compilers.  */
| 
| #ifdef __STDC__
| # include <limits.h>
| #else
| # include <assert.h>
| #endif
| 
| #undef sgemm_
| 
| /* Override any GCC internal prototype to avoid an error.
|    Use char because int might match the return type of a GCC
|    builtin and then its argument prototype would still apply.  */
| #ifdef __cplusplus
| extern "C"
| #endif
| char sgemm_ ();
| /* The GNU C library defines this for functions which it implements
|     to always fail with ENOSYS.  Some functions are actually named
|     something starting with __ and the normal name is an alias.  */
| #if defined __stub_sgemm_ || defined __stub___sgemm_
| choke me
| #endif
| 
| int
| main ()
| {
| return sgemm_ ();
|   ;
|   return 0;
| }
configure:17724: result: no
configure:17734: checking for ATL_xerbla in -latlas
configure:17767: gcc -o conftest -g -O0 -Wall -Werror-implicit-function-declaration -Wstrict-prototypes -Wmissing-prototypes -Wmissing-declarations   conftest.c -latlas  -lm   -L/usr/lib64/gcc/x86_64-slackware-linux/8.2.0 -L/usr/lib64/gcc/x86_64-slackware-linux/8.2.0/../../../../lib64 -L/lib/../lib64 -L/usr/lib/../lib64 -L/usr/lib64/gcc/x86_64-slackware-linux/8.2.0/../../.. -lgfortran -lm -lquadmath >&5
conftest.c:45:1: warning: function declaration isn't a prototype [-Wstrict-prototypes]
 char ATL_xerbla ();
 ^~~~
conftest.c:55:1: warning: function declaration isn't a prototype [-Wstrict-prototypes]
 main ()
 ^~~~
configure:17767: $? = 0
configure:17776: result: yes
configure:17780: checking for sgemm_ in -lf77blas
configure:17813: gcc -o conftest -g -O0 -Wall -Werror-implicit-function-declaration -Wstrict-prototypes -Wmissing-prototypes -Wmissing-declarations   conftest.c -lf77blas -latlas -lm   -L/usr/lib64/gcc/x86_64-slackware-linux/8.2.0 -L/usr/lib64/gcc/x86_64-slackware-linux/8.2.0/../../../../lib64 -L/lib/../lib64 -L/usr/lib/../lib64 -L/usr/lib64/gcc/x86_64-slackware-linux/8.2.0/../../.. -lgfortran -lm -lquadmath >&5
conftest.c:45:1: warning: function declaration isn't a prototype [-Wstrict-prototypes]
 char sgemm_ ();
 ^~~~
conftest.c:55:1: warning: function declaration isn't a prototype [-Wstrict-prototypes]
 main ()
 ^~~~
configure:17813: $? = 0
configure:17823: result: yes
configure:17826: checking for cblas_dgemm in -lcblas
configure:17859: gcc -o conftest -g -O0 -Wall -Werror-implicit-function-declaration -Wstrict-prototypes -Wmissing-prototypes -Wmissing-declarations   conftest.c -lcblas -lf77blas -latlas -lm   -L/usr/lib64/gcc/x86_64-slackware-linux/8.2.0 -L/usr/lib64/gcc/x86_64-slackware-linux/8.2.0/../../../../lib64 -L/lib/../lib64 -L/usr/lib/../lib64 -L/usr/lib64/gcc/x86_64-slackware-linux/8.2.0/../../.. -lgfortran -lm -lquadmath >&5
conftest.c:45:1: warning: function declaration isn't a prototype [-Wstrict-prototypes]
 char cblas_dgemm ();
 ^~~~
conftest.c:55:1: warning: function declaration isn't a prototype [-Wstrict-prototypes]
 main ()
 ^~~~
configure:17859: $? = 0
configure:17868: result: yes
configure:18672: checking for cheev_
configure:18672: gcc -o conftest -g -O0 -Wall -Werror-implicit-function-declaration -Wstrict-prototypes -Wmissing-prototypes -Wmissing-declarations   conftest.c -lm  -lcblas -lf77blas -latlas  -L/usr/lib64/gcc/x86_64-slackware-linux/8.2.0 -L/usr/lib64/gcc/x86_64-slackware-linux/8.2.0/../../../../lib64 -L/lib/../lib64 -L/usr/lib/../lib64 -L/usr/lib64/gcc/x86_64-slackware-linux/8.2.0/../../.. -lgfortran -lm -lquadmath >&5
conftest.c:63:1: warning: function declaration isn't a prototype [-Wstrict-prototypes]
 char cheev_ ();
 ^~~~
conftest.c:72:1: warning: function declaration isn't a prototype [-Wstrict-prototypes]
 main ()
 ^~~~
/usr/bin/ld: /tmp/ccSV3OjV.o: in function `main':
/home/ensmjc/Codes/C/WBFMM/conftest.c:74: undefined reference to `cheev_'
collect2: error: ld returned 1 exit status
configure:18672: $? = 1
configure: failed program was:
| /* confdefs.h */
| #define PACKAGE_NAME ""
| #define PACKAGE_TARNAME ""
| #define PACKAGE_VERSION ""
| #define PACKAGE_STRING ""
| #define PACKAGE_BUGREPORT ""
| #define PACKAGE_URL ""
| #define WBFMM_MAJOR_VERSION 0
| #define WBFMM_MINOR_VERSION 1
| #define WBFMM_MICRO_VERSION 1
| #define WBFMM_INTERFACE_AGE 0
| #define WBFMM_BINARY_AGE 0
| #define STDC_HEADERS 1
| #define HAVE_SYS_TYPES_H 1
| #define HAVE_SYS_STAT_H 1
| #define HAVE_STDLIB_H 1
| #define HAVE_STRING_H 1
| #define HAVE_MEMORY_H 1
| #define HAVE_STRINGS_H 1
| #define HAVE_INTTYPES_H 1
| #define HAVE_STDINT_H 1
| #define HAVE_UNISTD_H 1
| #define HAVE_DLFCN_H 1
| #define LT_OBJDIR ".libs/"
| #define STDC_HEADERS 1
| #define HAVE_MMX /**/
| #define HAVE_SSE /**/
| #define HAVE_SSE2 /**/
| #define HAVE_SSE3 /**/
| #define HAVE_SSSE3 /**/
| #define HAVE_SSE4_1 /**/
| #define HAVE_SSE4_2 /**/
| #define HAVE_AVX /**/
| #define HAVE_LIBM 1
| #define F77_FUNC(name,NAME) name ## _
| #define F77_FUNC_(name,NAME) name ## _
| #define HAVE_ATLAS_BLAS 1
| #define HAVE_BLAS 1
| /* end confdefs.h.  */
| /* Define cheev_ to an innocuous variant, in case <limits.h> declares cheev_.
|    For example, HP-UX 11i <limits.h> declares gettimeofday.  */
| #define cheev_ innocuous_cheev_
| 
| /* System header to define __stub macros and hopefully few prototypes,
|     which can conflict with char cheev_ (); below.
|     Prefer <limits.h> to <assert.h> if __STDC__ is defined, since
|     <limits.h> exists even on freestanding compilers.  */
| 
| #ifdef __STDC__
| # include <limits.h>
| #else
| # include <assert.h>
| #endif
| 
| #undef cheev_
| 
| /* Override any GCC internal prototype to avoid an error.
|    Use char because int might match the return type of a GCC
|    builtin and then its argument prototype would still apply.  */
| #ifdef __cplusplus
| extern "C"
| #endif
| char cheev_ ();
| /* The GNU C library defines this for functions which it implements
|     to always fail with ENOSYS.  Some functions are actually named
|     something starting with __ and the normal name is an alias.  */
| #if defined __stub_cheev_ || defined __stub___cheev_
| choke me
| #endif
| 
| int
| main ()
| {
| return cheev_ ();
|   ;
|   return 0;
| }
configure:18672: result: no
configure:18685: checking for cheev_ in -llapack
configure:18718: gcc -o conftest -g -O0 -Wall -Werror-implicit-function-declaration -Wstrict-prototypes -Wmissing-prototypes -Wmissing-declarations   conftest.c -llapack  -L/usr/lib64/gcc/x86_64-slackware-linux/8.2.0 -L/usr/lib64/gcc/x86_64-slackware-linux/8.2.0/../../../../lib64 -L/lib/../lib64 -L/usr/lib/../lib64 -L/usr/lib64/gcc/x86_64-slackware-linux/8.2.0/../../.. -lgfortran -lm -lquadmath -lcblas -lf77blas -latlas -lm  >&5
conftest.c:47:1: warning: function declaration isn't a prototype [-Wstrict-prototypes]
 char cheev_ ();
 ^~~~
conftest.c:57:1: warning: function declaration isn't a prototype [-Wstrict-prototypes]
 main ()
 ^~~~
configure:18718: $? = 0
configure:18728: result: yes
configure:18756: checking for fftw3
configure:18763: $PKG_CONFIG --exists --print-errors "fftw3"
configure:18766: $? = 0
configure:18780: $PKG_CONFIG --exists --print-errors "fftw3"
configure:18783: $? = 0
configure:18841: result: yes
configure:18970: checking that generated files are newer than configure
configure:18976: result: done
configure:19007: creating ./config.status

## ---------------------- ##
## Running config.status. ##
## ---------------------- ##

This file was extended by config.status, which was
generated by GNU Autoconf 2.69.  Invocation command line was

  CONFIG_FILES    = 
  CONFIG_HEADERS  = 
  CONFIG_LINKS    = 
  CONFIG_COMMANDS = 
  $ ./config.status 

on aerialist-1.bath.ac.uk

config.status:1186: creating Makefile
config.status:1186: creating src/Makefile
config.status:1186: creating src/wbfmm-config
config.status:1186: creating tests/Makefile
config.status:1186: creating config.h
config.status:1367: config.h is unchanged
config.status:1415: executing depfiles commands
config.status:1492: cd src       && sed -e '/# am--include-marker/d' Makefile         | make -f - am--depfiles
make: Nothing to be done for 'am--depfiles'.
config.status:1497: $? = 0
config.status:1492: cd tests       && sed -e '/# am--include-marker/d' Makefile         | make -f - am--depfiles
make: Nothing to be done for 'am--depfiles'.
config.status:1497: $? = 0
config.status:1415: executing libtool commands

## ---------------- ##
## Cache variables. ##
## ---------------- ##

ac_cv_build=x86_64-unknown-linux-gnu
ac_cv_c_compiler_gnu=yes
ac_cv_env_CC_set=
ac_cv_env_CC_value=
ac_cv_env_CFLAGS_set=set
ac_cv_env_CFLAGS_value='-g -O0'
ac_cv_env_CPPFLAGS_set=
ac_cv_env_CPPFLAGS_value=
ac_cv_env_CPP_set=
ac_cv_env_CPP_value=
ac_cv_env_F77_set=
ac_cv_env_F77_value=
ac_cv_env_FFLAGS_set=
ac_cv_env_FFLAGS_value=
ac_cv_env_FFTW3_CFLAGS_set=
ac_cv_env_FFTW3_CFLAGS_value=
ac_cv_env_FFTW3_LIBS_set=
ac_cv_env_FFTW3_LIBS_value=
ac_cv_env_LDFLAGS_set=
ac_cv_env_LDFLAGS_value=
ac_cv_env_LIBS_set=
ac_cv_env_LIBS_value=
ac_cv_env_PKG_CONFIG_LIBDIR_set=
ac_cv_env_PKG_CONFIG_LIBDIR_value=
ac_cv_env_PKG_CONFIG_PATH_set=set
ac_cv_env_PKG_CONFIG_PATH_value=/usr/local/lib64/pkgconfig:/usr/local/share/pkgconfig:/usr/lib64/pkgconfig:/usr/share/pkgconfig
ac_cv_env_PKG_CONFIG_set=
ac_cv_env_PKG_CONFIG_value=
ac_cv_env_build_alias_set=
ac_cv_env_build_alias_value=
ac_cv_env_host_alias_set=
ac_cv_env_host_alias_value=
ac_cv_env_target_alias_set=
ac_cv_env_target_alias_value=
ac_cv_f77_compiler_gnu=yes
ac_cv_f77_dummy_main=none
ac_cv_f77_libs=' -L/usr/lib64/gcc/x86_64-slackware-linux/8.2.0 -L/usr/lib64/gcc/x86_64-slackware-linux/8.2.0/../../../../lib64 -L/lib/../lib64 -L/usr/lib/../lib64 -L/usr/lib64/gcc/x86_64-slackware-linux/8.2.0/../../.. -lgfortran -lm -lquadmath'
ac_cv_f77_mangling='lower case, underscore, no extra underscore'
ac_cv_fortran_dummy_main=none
ac_cv_func_cheev_=no
ac_cv_func_sgemm_=no
ac_cv_header_dlfcn_h=yes
ac_cv_header_inttypes_h=yes
ac_cv_header_memory_h=yes
ac_cv_header_stdc=yes
ac_cv_header_stdint_h=yes
ac_cv_header_stdlib_h=yes
ac_cv_header_string_h=yes
ac_cv_header_strings_h=yes
ac_cv_header_sys_stat_h=yes
ac_cv_header_sys_types_h=yes
ac_cv_header_unistd_h=yes
ac_cv_host=x86_64-unknown-linux-gnu
ac_cv_lib_atlas_ATL_xerbla=yes
ac_cv_lib_cblas_cblas_dgemm=yes
ac_cv_lib_f77blas_sgemm_=yes
ac_cv_lib_lapack___cheev_=yes
ac_cv_lib_m_cos=yes
ac_cv_objext=o
ac_cv_path_EGREP='/usr/bin/grep -E'
ac_cv_path_FGREP='/usr/bin/grep -F'
ac_cv_path_GREP=/usr/bin/grep
ac_cv_path_SED=/usr/bin/sed
ac_cv_path_ac_pt_PKG_CONFIG=/usr/bin/pkg-config
ac_cv_path_install='/usr/bin/ginstall -c'
ac_cv_path_mkdir=/usr/bin/mkdir
ac_cv_prog_AWK=gawk
ac_cv_prog_CPP='gcc -E'
ac_cv_prog_ac_ct_AR=ar
ac_cv_prog_ac_ct_CC=gcc
ac_cv_prog_ac_ct_DLLTOOL=dlltool
ac_cv_prog_ac_ct_F77=g77
ac_cv_prog_ac_ct_MANIFEST_TOOL=mt
ac_cv_prog_ac_ct_OBJDUMP=objdump
ac_cv_prog_ac_ct_RANLIB=ranlib
ac_cv_prog_ac_ct_STRIP=strip
ac_cv_prog_c_openmp=-fopenmp
ac_cv_prog_cc_c89=
ac_cv_prog_cc_g=yes
ac_cv_prog_f77_g=yes
ac_cv_prog_f77_v=-v
ac_cv_prog_make_make_set=yes
ac_cv_search_strerror='none required'
am_cv_CC_dependencies_compiler_type=gcc3
am_cv_make_support_nested_variables=yes
am_cv_prog_cc_c_o=yes
ax_cv_check_cflags___mavx=yes
ax_cv_check_cflags___mmmx=yes
ax_cv_check_cflags___msse2=yes
ax_cv_check_cflags___msse3=yes
ax_cv_check_cflags___msse4_1=yes
ax_cv_check_cflags___msse4_2=yes
ax_cv_check_cflags___msse=yes
ax_cv_check_cflags___mssse3=yes
ax_cv_gcc_x86_cpuid_0x00000001=306f2:14100800:7ffefbff:bfebfbff
ax_cv_gcc_x86_cpuid_=unknown
ax_cv_have_avx_ext=yes
ax_cv_have_mmx_ext=yes
ax_cv_have_sse2_ext=yes
ax_cv_have_sse3_ext=yes
ax_cv_have_sse41_ext=yes
ax_cv_have_sse42_ext=yes
ax_cv_have_sse_ext=yes
ax_cv_have_ssse3_ext=yes
ax_cv_support_avx_ext=yes
ax_cv_support_mmx_ext=yes
ax_cv_support_sse2_ext=yes
ax_cv_support_sse3_ext=yes
ax_cv_support_sse41_ext=yes
ax_cv_support_sse42_ext=yes
ax_cv_support_sse_ext=yes
ax_cv_support_ssse3_ext=yes
lt_cv_ar_at_file=@
lt_cv_archive_cmds_need_lc=no
lt_cv_deplibs_check_method=pass_all
lt_cv_file_magic_cmd='$MAGIC_CMD'
lt_cv_file_magic_test_file=
lt_cv_ld_reload_flag=-r
lt_cv_nm_interface='BSD nm'
lt_cv_objdir=.libs
lt_cv_path_LD=/usr/bin/ld
lt_cv_path_NM='/usr/bin/nm -B'
lt_cv_path_mainfest_tool=no
lt_cv_prog_compiler_c_o=yes
lt_cv_prog_compiler_c_o_F77=yes
lt_cv_prog_compiler_pic='-fPIC -DPIC'
lt_cv_prog_compiler_pic_F77=-fPIC
lt_cv_prog_compiler_pic_works=yes
lt_cv_prog_compiler_pic_works_F77=yes
lt_cv_prog_compiler_rtti_exceptions=no
lt_cv_prog_compiler_static_works=yes
lt_cv_prog_compiler_static_works_F77=yes
lt_cv_prog_gnu_ld=yes
lt_cv_sharedlib_from_linklib_cmd='printf %s\n'
lt_cv_shlibpath_overrides_runpath=no
lt_cv_sys_global_symbol_pipe='sed -n -e '\''s/^.*[	 ]\([ABCDGIRSTW][ABCDGIRSTW]*\)[	 ][	 ]*\([_A-Za-z][_A-Za-z0-9]*\)$/\1 \2 \2/p'\'' | sed '\''/ __gnu_lto/d'\'''
lt_cv_sys_global_symbol_to_c_name_address='sed -n -e '\''s/^: \([^ ]*\)[ ]*$/  {\"\1\", (void *) 0},/p'\'' -e '\''s/^[ABCDGIRSTW]* \([^ ]*\) \([^ ]*\)$/  {"\2", (void *) \&\2},/p'\'''
lt_cv_sys_global_symbol_to_c_name_address_lib_prefix='sed -n -e '\''s/^: \([^ ]*\)[ ]*$/  {\"\1\", (void *) 0},/p'\'' -e '\''s/^[ABCDGIRSTW]* \([^ ]*\) \(lib[^ ]*\)$/  {"\2", (void *) \&\2},/p'\'' -e '\''s/^[ABCDGIRSTW]* \([^ ]*\) \([^ ]*\)$/  {"lib\2", (void *) \&\2},/p'\'''
lt_cv_sys_global_symbol_to_cdecl='sed -n -e '\''s/^T .* \(.*\)$/extern int \1();/p'\'' -e '\''s/^[ABCDGIRSTW]* .* \(.*\)$/extern char \1;/p'\'''
lt_cv_sys_max_cmd_len=1572864
lt_cv_to_host_file_cmd=func_convert_file_noop
lt_cv_to_tool_file_cmd=func_convert_file_noop
pkg_cv_FFTW3_CFLAGS=
pkg_cv_FFTW3_LIBS=-lfftw3

## ----------------- ##
## Output variables. ##
## ----------------- ##

ACLOCAL='aclocal-1.16'
AMDEPBACKSLASH='\'
AMDEP_FALSE='#'
AMDEP_TRUE=''
AMTAR='$${TAR-tar}'
AM_BACKSLASH='\'
AM_DEFAULT_V='$(AM_DEFAULT_VERBOSITY)'
AM_DEFAULT_VERBOSITY='1'
AM_V='$(V)'
AR='ar'
AUTOCONF='autoconf'
AUTOHEADER='autoheader'
AUTOMAKE='automake-1.16'
AWK='gawk'
BLAS_LIBS='-lcblas -lf77blas -latlas'
CC='gcc'
CCDEPMODE='depmode=gcc3'
CFLAGS='-g -O0 -Wall -Werror-implicit-function-declaration -Wstrict-prototypes -Wmissing-prototypes -Wmissing-declarations -fopenmp  -mmmx -msse -msse2 -msse3 -mssse3 -msse4.1 -msse4.2 -mavx -I/usr/include/glib-2.0 -I/usr/lib64/glib-2.0/include'
CPP='gcc -E'
CPPFLAGS=''
CYGPATH_W='echo'
DEFS='-DHAVE_CONFIG_H'
DEPDIR='.deps'
DLLTOOL='dlltool'
DSYMUTIL=''
DUMPBIN=''
ECHO_C=''
ECHO_N='-n'
ECHO_T=''
EGREP='/usr/bin/grep -E'
EXEEXT=''
F77='g77'
FFLAGS='-g -O2'
FFTW3_CFLAGS=''
FFTW3_LIBS='-lfftw3'
FGREP='/usr/bin/grep -F'
FLIBS=' -L/usr/lib64/gcc/x86_64-slackware-linux/8.2.0 -L/usr/lib64/gcc/x86_64-slackware-linux/8.2.0/../../../../lib64 -L/lib/../lib64 -L/usr/lib/../lib64 -L/usr/lib64/gcc/x86_64-slackware-linux/8.2.0/../../.. -lgfortran -lm -lquadmath'
GLIB_CFLAGS='-pthread -I/usr/include/glib-2.0 -I/usr/lib64/glib-2.0/include'
GLIB_COMPILE_RESOURCES='glib-compile-resources'
GLIB_CONFIG=''
GLIB_GENMARSHAL='glib-genmarshal'
GLIB_LIBS='-lglib-2.0'
GLIB_MKENUMS='glib-mkenums'
GOBJECT_QUERY='gobject-query'
GREP='/usr/bin/grep'
INSTALL_DATA='${INSTALL} -m 644'
INSTALL_PROGRAM='${INSTALL}'
INSTALL_SCRIPT='${INSTALL}'
INSTALL_STRIP_PROGRAM='$(install_sh) -c -s'
LAPACK_LIBS='-llapack'
LD='/usr/bin/ld -m elf_x86_64'
LDFLAGS=' -lglib-2.0'
LIBOBJS=''
LIBS='-lglib-2.0 -llapack -lcblas -lf77blas -latlas -lfftw3 -llapack -lcblas -lf77blas -latlas -lm   -L/usr/lib64/gcc/x86_64-slackware-linux/8.2.0 -L/usr/lib64/gcc/x86_64-slackware-linux/8.2.0/../../../../lib64 -L/lib/../lib64 -L/usr/lib/../lib64 -L/usr/lib64/gcc/x86_64-slackware-linux/8.2.0/../../.. -lgfortran -lm -lquadmath'
LIBTOOL='$(SHELL) $(top_builddir)/libtool'
LIPO=''
LN_S='ln -s'
LTLIBOBJS=''
LT_AGE='0'
LT_CURRENT='1'
LT_RELEASE='0.1'
LT_REVISION='0'
MAINT='#'
MAINTAINER_MODE_FALSE=''
MAINTAINER_MODE_TRUE='#'
MAKEINFO='makeinfo'
MANIFEST_TOOL=':'
MKDIR_P='/usr/bin/mkdir -p'
NM='/usr/bin/nm -B'
NMEDIT=''
OBJDUMP='objdump'
OBJEXT='o'
OPENMP_CFLAGS='-fopenmp'
OTOOL64=''
OTOOL=''
PACKAGE='wbfmm'
PACKAGE_BUGREPORT=''
PACKAGE_NAME=''
PACKAGE_STRING=''
PACKAGE_TARNAME=''
PACKAGE_URL=''
PACKAGE_VERSION=''
PATH_SEPARATOR=':'
PKG_CONFIG='/usr/bin/pkg-config'
PKG_CONFIG_LIBDIR=''
PKG_CONFIG_PATH='/usr/local/lib64/pkgconfig:/usr/local/share/pkgconfig:/usr/lib64/pkgconfig:/usr/share/pkgconfig'
RANLIB='ranlib'
SED='/usr/bin/sed'
SET_MAKE=''
SHELL='/bin/sh'
SIMD_FLAGS=' -mmmx -msse -msse2 -msse3 -mssse3 -msse4.1 -msse4.2 -mavx'
STRIP='strip'
VERSION='0.1.1'
WBFMM_MAJOR_VERSION='0'
WBFMM_MICRO_VERSION='1'
WBFMM_MINOR_VERSION='1'
WBFMM_VERSION='0.1.1'
ac_ct_AR='ar'
ac_ct_CC='gcc'
ac_ct_DUMPBIN=''
ac_ct_F77='g77'
am__EXEEXT_FALSE=''
am__EXEEXT_TRUE='#'
am__fastdepCC_FALSE='#'
am__fastdepCC_TRUE=''
am__include='include'
am__isrc=''
am__leading_dot='.'
am__nodep='_no'
am__quote=''
am__tar='$${TAR-tar} chof - "$$tardir"'
am__untar='$${TAR-tar} xf -'
bindir='${exec_prefix}/bin'
blas_libs='-lcblas -lf77blas -latlas'
build='x86_64-unknown-linux-gnu'
build_alias=''
build_cpu='x86_64'
build_os='linux-gnu'
build_vendor='unknown'
datadir='${datarootdir}'
datarootdir='${prefix}/share'
docdir='${datarootdir}/doc/${PACKAGE}'
dvidir='${docdir}'
exec_prefix='${prefix}'
host='x86_64-unknown-linux-gnu'
host_alias=''
host_cpu='x86_64'
host_os='linux-gnu'
host_vendor='unknown'
htmldir='${docdir}'
includedir='${prefix}/include'
infodir='${datarootdir}/info'
install_sh='${SHELL} /home/ensmjc/Codes/C/WBFMM/install-sh'
libdir='${exec_prefix}/lib'
libexecdir='${exec_prefix}/libexec'
localedir='${datarootdir}/locale'
localstatedir='${prefix}/var'
mandir='${datarootdir}/man'
mkdir_p='$(MKDIR_P)'
oldincludedir='/usr/include'
pdfdir='${docdir}'
prefix='/home/ensmjc/Codes'
program_transform_name='s,x,x,'
psdir='${docdir}'
sbindir='${exec_prefix}/sbin'
sharedstatedir='${prefix}/com'
sysconfdir='${prefix}/etc'
target_alias=''

## ----------- ##
## confdefs.h. ##
## ----------- ##

/* confdefs.h */
#define PACKAGE_NAME ""
#define PACKAGE_TARNAME ""
#define PACKAGE_VERSION ""
#define PACKAGE_STRING ""
#define PACKAGE_BUGREPORT ""
#define PACKAGE_URL ""
#define WBFMM_MAJOR_VERSION 0
#define WBFMM_MINOR_VERSION 1
#define WBFMM_MICRO_VERSION 1
#define WBFMM_INTERFACE_AGE 0
#define WBFMM_BINARY_AGE 0
#define STDC_HEADERS 1
#define HAVE_SYS_TYPES_H 1
#define HAVE_SYS_STAT_H 1
#define HAVE_STDLIB_H 1
#define HAVE_STRING_H 1
#define HAVE_MEMORY_H 1
#define HAVE_STRINGS_H 1
#define HAVE_INTTYPES_H 1
#define HAVE_STDINT_H 1
#define HAVE_UNISTD_H 1
#define HAVE_DLFCN_H 1
#define LT_OBJDIR ".libs/"
#define STDC_HEADERS 1
#define HAVE_MMX /**/
#define HAVE_SSE /**/
#define HAVE_SSE2 /**/
#define HAVE_SSE3 /**/
#define HAVE_SSSE3 /**/
#define HAVE_SSE4_1 /**/
#define HAVE_SSE4_2 /**/
#define HAVE_AVX /**/
#define HAVE_LIBM 1
#define F77_FUNC(name,NAME) name ## _
#define F77_FUNC_(name,NAME) name ## _
#define HAVE_ATLAS_BLAS 1
#define HAVE_BLAS 1
#define HAVE_LAPACK 1

configure: exit 0

## ---------------------- ##
## Running config.status. ##
## ---------------------- ##

This file was extended by config.status, which was
generated by GNU Autoconf 2.69.  Invocation command line was

  CONFIG_FILES    = 
  CONFIG_HEADERS  = 
  CONFIG_LINKS    = 
  CONFIG_COMMANDS = 
  $ ./config.status src/wbfmm-config

on aerialist-1.bath.ac.uk

config.status:1186: creating src/wbfmm-config
